<?xml version="1.0" encoding="UTF-8"?>
<!-- Generated by org.testng.reporters.JUnitReportReporter -->
<testsuite skipped="0" hostname="user-PC" name="qaclickacademy.Mavenjava.RestAPITest" tests="2" failures="0" timestamp="26 Jun 2021 05:22:03 GMT" time="0.016" errors="0">
  <testcase name="deleteFacebook" time="0.014" classname="qaclickacademy.Mavenjava.RestAPITest"/>
  <testcase name="postJira" time="0.002" classname="qaclickacademy.Mavenjava.RestAPITest"/>
</testsuite> <!-- qaclickacademy.Mavenjava.RestAPITest -->
